<?xml version="1.0" encoding="UTF-8"?>
<testsuite xmlns:xsi="http://www.w3.org/2001/XMLSchema-instance" xsi:noNamespaceSchemaLocation="https://maven.apache.org/surefire/maven-surefire-plugin/xsd/surefire-test-report.xsd" name="projetS3Voyageur.StatsAlgos.TestAnalyser" time="31.359" tests="1" errors="0" skipped="0" failures="1">
  <properties>
    <property name="sun.desktop" value="windows"/>
    <property name="awt.toolkit" value="sun.awt.windows.WToolkit"/>
    <property name="java.specification.version" value="1.8"/>
    <property name="file.encoding.pkg" value="sun.io"/>
    <property name="sun.cpu.isalist" value="amd64"/>
    <property name="sonar.host.url" value="https://sonarcloud.io"/>
    <property name="sonar.login" value="ee836b16f89559b22237d5720b35b03b92ec402d"/>
    <property name="sun.jnu.encoding" value="Cp1252"/>
    <property name="java.class.path" value="D:\OneDrive\Université\Projets\ProjetS3Voyageur\target\test-classes;D:\OneDrive\Université\Projets\ProjetS3Voyageur\target\classes;C:\Users\Mathi\.m2\repository\org\junit\jupiter\junit-jupiter-engine\5.5.2\junit-jupiter-engine-5.5.2.jar;C:\Users\Mathi\.m2\repository\org\apiguardian\apiguardian-api\1.1.0\apiguardian-api-1.1.0.jar;C:\Users\Mathi\.m2\repository\org\junit\platform\junit-platform-engine\1.5.2\junit-platform-engine-1.5.2.jar;C:\Users\Mathi\.m2\repository\org\junit\vintage\junit-vintage-engine\5.5.2\junit-vintage-engine-5.5.2.jar;C:\Users\Mathi\.m2\repository\junit\junit\4.12\junit-4.12.jar;C:\Users\Mathi\.m2\repository\org\hamcrest\hamcrest-core\1.3\hamcrest-core-1.3.jar;C:\Users\Mathi\.m2\repository\org\junit\jupiter\junit-jupiter-api\5.5.2\junit-jupiter-api-5.5.2.jar;C:\Users\Mathi\.m2\repository\org\opentest4j\opentest4j\1.2.0\opentest4j-1.2.0.jar;C:\Users\Mathi\.m2\repository\org\junit\platform\junit-platform-commons\1.5.2\junit-platform-commons-1.5.2.jar;"/>
    <property name="java.vm.vendor" value=""/>
    <property name="sun.arch.data.model" value="64"/>
    <property name="user.variant" value=""/>
    <property name="java.vendor.url" value="http://java.oracle.com/"/>
    <property name="user.timezone" value="Europe/Paris"/>
    <property name="java.vm.specification.version" value="1.8"/>
    <property name="os.name" value="Windows 10"/>
    <property name="user.country" value="FR"/>
    <property name="sun.java.launcher" value="SUN_STANDARD"/>
    <property name="sun.boot.library.path" value="C:\Users\Mathi\AppData\Local\Programs\AdoptOpenJDK\jre\bin"/>
    <property name="sun.java.command" value="C:\Users\Mathi\AppData\Local\Temp\surefire3502103202260195095\surefirebooter5617447194668603725.jar C:\Users\Mathi\AppData\Local\Temp\surefire3502103202260195095 2020-03-22T00-22-05_131-jvmRun1 surefire1107966240969192587tmp surefire_04082293070516874170tmp"/>
    <property name="surefire.test.class.path" value="D:\OneDrive\Université\Projets\ProjetS3Voyageur\target\test-classes;D:\OneDrive\Université\Projets\ProjetS3Voyageur\target\classes;C:\Users\Mathi\.m2\repository\org\junit\jupiter\junit-jupiter-engine\5.5.2\junit-jupiter-engine-5.5.2.jar;C:\Users\Mathi\.m2\repository\org\apiguardian\apiguardian-api\1.1.0\apiguardian-api-1.1.0.jar;C:\Users\Mathi\.m2\repository\org\junit\platform\junit-platform-engine\1.5.2\junit-platform-engine-1.5.2.jar;C:\Users\Mathi\.m2\repository\org\junit\vintage\junit-vintage-engine\5.5.2\junit-vintage-engine-5.5.2.jar;C:\Users\Mathi\.m2\repository\junit\junit\4.12\junit-4.12.jar;C:\Users\Mathi\.m2\repository\org\hamcrest\hamcrest-core\1.3\hamcrest-core-1.3.jar;C:\Users\Mathi\.m2\repository\org\junit\jupiter\junit-jupiter-api\5.5.2\junit-jupiter-api-5.5.2.jar;C:\Users\Mathi\.m2\repository\org\opentest4j\opentest4j\1.2.0\opentest4j-1.2.0.jar;C:\Users\Mathi\.m2\repository\org\junit\platform\junit-platform-commons\1.5.2\junit-platform-commons-1.5.2.jar;"/>
    <property name="sun.cpu.endian" value="little"/>
    <property name="user.home" value="C:\Users\Mathi"/>
    <property name="user.language" value="fr"/>
    <property name="java.specification.vendor" value="Oracle Corporation"/>
    <property name="java.home" value="C:\Users\Mathi\AppData\Local\Programs\AdoptOpenJDK\jre"/>
    <property name="basedir" value="D:\OneDrive\Université\Projets\ProjetS3Voyageur"/>
    <property name="file.separator" value="\"/>
    <property name="line.separator" value="&#10;"/>
    <property name="java.vm.specification.vendor" value="Oracle Corporation"/>
    <property name="java.specification.name" value="Java Platform API Specification"/>
    <property name="java.awt.graphicsenv" value="sun.awt.Win32GraphicsEnvironment"/>
    <property name="surefire.real.class.path" value="C:\Users\Mathi\AppData\Local\Temp\surefire3502103202260195095\surefirebooter5617447194668603725.jar;C:\\Users\\Mathi\\.m2\\repository\\org\\jacoco\\org.jacoco.agent\\0.8.5\\org.jacoco.agent-0.8.5-runtime.jar"/>
    <property name="sun.boot.class.path" value="C:\Users\Mathi\AppData\Local\Programs\AdoptOpenJDK\jre\lib\resources.jar;C:\Users\Mathi\AppData\Local\Programs\AdoptOpenJDK\jre\lib\rt.jar;C:\Users\Mathi\AppData\Local\Programs\AdoptOpenJDK\jre\lib\sunrsasign.jar;C:\Users\Mathi\AppData\Local\Programs\AdoptOpenJDK\jre\lib\jsse.jar;C:\Users\Mathi\AppData\Local\Programs\AdoptOpenJDK\jre\lib\jce.jar;C:\Users\Mathi\AppData\Local\Programs\AdoptOpenJDK\jre\lib\charsets.jar;C:\Users\Mathi\AppData\Local\Programs\AdoptOpenJDK\jre\lib\jfr.jar;C:\Users\Mathi\AppData\Local\Programs\AdoptOpenJDK\jre\classes"/>
    <property name="user.script" value=""/>
    <property name="sun.management.compiler" value="HotSpot 64-Bit Tiered Compilers"/>
    <property name="java.runtime.version" value="1.8.0_222-b10"/>
    <property name="user.name" value="Mathi"/>
    <property name="path.separator" value=";"/>
    <property name="os.version" value="10.0"/>
    <property name="java.endorsed.dirs" value="C:\Users\Mathi\AppData\Local\Programs\AdoptOpenJDK\jre\lib\endorsed"/>
    <property name="java.runtime.name" value="OpenJDK Runtime Environment"/>
    <property name="file.encoding" value="Cp1252"/>
    <property name="java.vm.name" value="OpenJDK 64-Bit Server VM"/>
    <property name="localRepository" value="C:\Users\Mathi\.m2\repository"/>
    <property name="java.vendor.url.bug" value="http://bugreport.sun.com/bugreport/"/>
    <property name="java.io.tmpdir" value="C:\Users\Mathi\AppData\Local\Temp\"/>
    <property name="java.version" value="1.8.0_222"/>
    <property name="user.dir" value="D:\OneDrive\Université\Projets\ProjetS3Voyageur"/>
    <property name="os.arch" value="amd64"/>
    <property name="java.vm.specification.name" value="Java Virtual Machine Specification"/>
    <property name="sonar.organization" value="ocstudent-ide"/>
    <property name="java.awt.printerjob" value="sun.awt.windows.WPrinterJob"/>
    <property name="sun.os.patch.level" value=""/>
    <property name="sonar.projectKey" value="ocstudent-ide_oc-testing-java-cours"/>
    <property name="java.library.path" value="C:\Users\Mathi\AppData\Local\Programs\AdoptOpenJDK\jre\bin;C:\WINDOWS\Sun\Java\bin;C:\WINDOWS\system32;C:\WINDOWS;C:\WINDOWS\system32;C:\WINDOWS;C:\WINDOWS\System32\Wbem;C:\WINDOWS\System32\WindowsPowerShell\v1.0\;C:\WINDOWS\System32\OpenSSH\;C:\Program Files\Microsoft\Web Platform Installer\;C:\Program Files\dotnet\;C:\Program Files\Docker\Docker\resources\bin;C:\ProgramData\DockerDesktop\version-bin;C:\Program Files\Git\cmd;C:\Users\Mathi\Anaconda3;C:\Users\Mathi\Anaconda3\Library\mingw-w64\bin;C:\Users\Mathi\Anaconda3\Library\usr\bin;C:\Users\Mathi\Anaconda3\Library\bin;C:\Users\Mathi\Anaconda3\Scripts;C:\Users\Mathi\Anaconda2;C:\Users\Mathi\Anaconda2\Library\mingw-w64\bin;C:\Users\Mathi\Anaconda2\Library\usr\bin;C:\Users\Mathi\Anaconda2\Library\bin;C:\Users\Mathi\Anaconda2\Scripts;C:\Users\Mathi\AppData\Local\Programs\AdoptOpenJDK\bin;C:\Users\Mathi\AppData\Local\Microsoft\WindowsApps;C:\Users\Mathi\AppData\Local\Programs\Microsoft VS Code\bin;C:\Users\Mathi\AppData\Local\Packages\PythonSoftwareFoundation.Python.3.7_qbz5n2kfra8p0\LocalCache\local-packages\Python37\Scripts;C:\MinGW\bin;C:\Program Files\apache-maven-3.6.2\bin;C:\Users\Mathi\AppData\Local\GitHubDesktop\bin;C:\Users\Mathi\.dotnet\tools;."/>
    <property name="java.vm.info" value="mixed mode"/>
    <property name="java.vendor" value="AdoptOpenJDK"/>
    <property name="java.vm.version" value="25.222-b10"/>
    <property name="java.ext.dirs" value="C:\Users\Mathi\AppData\Local\Programs\AdoptOpenJDK\jre\lib\ext;C:\WINDOWS\Sun\Java\lib\ext"/>
    <property name="sun.io.unicode.encoding" value="UnicodeLittle"/>
    <property name="java.class.version" value="52.0"/>
  </properties>
  <testcase name="test_temps_execution_moyen" classname="projetS3Voyageur.StatsAlgos.TestAnalyser" time="30.638">
    <failure type="java.lang.AssertionError">java.lang.AssertionError
	at projetS3Voyageur.StatsAlgos.TestAnalyser.test_temps_execution_moyen(TestAnalyser.java:28)
</failure>
  </testcase>
</testsuite>